# JRE version: Java(TM) SE Runtime Environment (8.0_31-b13) (build 1.8.0_31-b13)
# Java VM: Java HotSpot(TM) 64-Bit Server VM (25.31-b07 mixed mode windows-amd64 compressed oops)
Heap:
 PSYoungGen      total 138240K, used 42341K [0x00000000d5f00000, 0x00000000e8f00000, 0x0000000100000000)
  eden space 133120K, 27% used [0x00000000d5f00000,0x00000000d8361598,0x00000000de100000)
  from space 5120K, 99% used [0x00000000de100000,0x00000000de5f8020,0x00000000de600000)
  to   space 22528K, 0% used [0x00000000e7900000,0x00000000e7900000,0x00000000e8f00000)
 ParOldGen       total 87552K, used 49750K [0x0000000081c00000, 0x0000000087180000, 0x00000000d5f00000)
  object space 87552K, 56% used [0x0000000081c00000,0x0000000084c95aa8,0x0000000087180000)
 Metaspace       used 12725K, capacity 12890K, committed 13184K, reserved 1060864K
  class space    used 1524K, capacity 1560K, committed 1664K, reserved 1048576K
GC Heap History (10 events):
Event: 2.588 GC heap before
{Heap before GC invocations=1 (full 0):
 PSYoungGen      total 38400K, used 33280K [0x00000000d5f00000, 0x00000000d8980000, 0x0000000100000000)
  eden space 33280K, 100% used [0x00000000d5f00000,0x00000000d7f80000,0x00000000d7f80000)
  from space 5120K, 0% used [0x00000000d8480000,0x00000000d8480000,0x00000000d8980000)
  to   space 5120K, 0% used [0x00000000d7f80000,0x00000000d7f80000,0x00000000d8480000)
 ParOldGen       total 87552K, used 0K [0x0000000081c00000, 0x0000000087180000, 0x00000000d5f00000)
  object space 87552K, 0% used [0x0000000081c00000,0x0000000081c00000,0x0000000087180000)
 Metaspace       used 4667K, capacity 5278K, committed 5504K, reserved 1056768K
  class space    used 520K, capacity 530K, committed 640K, reserved 1048576K
Event: 2.643 GC heap after
Heap after GC invocations=1 (full 0):
 PSYoungGen      total 38400K, used 5117K [0x00000000d5f00000, 0x00000000daa00000, 0x0000000100000000)
  eden space 33280K, 0% used [0x00000000d5f00000,0x00000000d5f00000,0x00000000d7f80000)
  from space 5120K, 99% used [0x00000000d7f80000,0x00000000d847f528,0x00000000d8480000)
  to   space 5120K, 0% used [0x00000000da500000,0x00000000da500000,0x00000000daa00000)
 ParOldGen       total 87552K, used 14154K [0x0000000081c00000, 0x0000000087180000, 0x00000000d5f00000)
  object space 87552K, 16% used [0x0000000081c00000,0x00000000829d29c8,0x0000000087180000)
 Metaspace       used 4667K, capacity 5278K, committed 5504K, reserved 1056768K
  class space    used 520K, capacity 530K, committed 640K, reserved 1048576K
}
Event: 2.963 GC heap before
{Heap before GC invocations=2 (full 0):
 PSYoungGen      total 38400K, used 38397K [0x00000000d5f00000, 0x00000000daa00000, 0x0000000100000000)
  eden space 33280K, 100% used [0x00000000d5f00000,0x00000000d7f80000,0x00000000d7f80000)
  from space 5120K, 99% used [0x00000000d7f80000,0x00000000d847f528,0x00000000d8480000)
  to   space 5120K, 0% used [0x00000000da500000,0x00000000da500000,0x00000000daa00000)
 ParOldGen       total 87552K, used 14154K [0x0000000081c00000, 0x0000000087180000, 0x00000000d5f00000)
  object space 87552K, 16% used [0x0000000081c00000,0x00000000829d29c8,0x0000000087180000)
 Metaspace       used 4679K, capacity 5278K, committed 5504K, reserved 1056768K
  class space    used 520K, capacity 530K, committed 640K, reserved 1048576K
Event: 3.008 GC heap after
Heap after GC invocations=2 (full 0):
 PSYoungGen      total 71680K, used 5088K [0x00000000d5f00000, 0x00000000daa00000, 0x0000000100000000)
  eden space 66560K, 0% used [0x00000000d5f00000,0x00000000d5f00000,0x00000000da000000)
  from space 5120K, 99% used [0x00000000da500000,0x00000000da9f8020,0x00000000daa00000)
  to   space 5120K, 0% used [0x00000000da000000,0x00000000da000000,0x00000000da500000)
 ParOldGen       total 87552K, used 22516K [0x0000000081c00000, 0x0000000087180000, 0x00000000d5f00000)
  object space 87552K, 25% used [0x0000000081c00000,0x00000000831fd3d8,0x0000000087180000)
 Metaspace       used 4679K, capacity 5278K, committed 5504K, reserved 1056768K
  class space    used 520K, capacity 530K, committed 640K, reserved 1048576K
}
Event: 3.444 GC heap before
{Heap before GC invocations=3 (full 0):
 PSYoungGen      total 71680K, used 71648K [0x00000000d5f00000, 0x00000000daa00000, 0x0000000100000000)
  eden space 66560K, 100% used [0x00000000d5f00000,0x00000000da000000,0x00000000da000000)
  from space 5120K, 99% used [0x00000000da500000,0x00000000da9f8020,0x00000000daa00000)
  to   space 5120K, 0% used [0x00000000da000000,0x00000000da000000,0x00000000da500000)
 ParOldGen       total 87552K, used 22516K [0x0000000081c00000, 0x0000000087180000, 0x00000000d5f00000)
  object space 87552K, 25% used [0x0000000081c00000,0x00000000831fd3d8,0x0000000087180000)
 Metaspace       used 4683K, capacity 5278K, committed 5504K, reserved 1056768K
  class space    used 520K, capacity 530K, committed 640K, reserved 1048576K
Event: 3.483 GC heap after
Heap after GC invocations=3 (full 0):
 PSYoungGen      total 71680K, used 5088K [0x00000000d5f00000, 0x00000000deb00000, 0x0000000100000000)
  eden space 66560K, 0% used [0x00000000d5f00000,0x00000000d5f00000,0x00000000da000000)
  from space 5120K, 99% used [0x00000000da000000,0x00000000da4f8020,0x00000000da500000)
  to   space 5120K, 0% used [0x00000000de600000,0x00000000de600000,0x00000000deb00000)
 ParOldGen       total 87552K, used 36612K [0x0000000081c00000, 0x0000000087180000, 0x00000000d5f00000)
  object space 87552K, 41% used [0x0000000081c00000,0x0000000083fc13e8,0x0000000087180000)
 Metaspace       used 4683K, capacity 5278K, committed 5504K, reserved 1056768K
  class space    used 520K, capacity 530K, committed 640K, reserved 1048576K
}
Event: 3.748 GC heap before
{Heap before GC invocations=4 (full 0):
 PSYoungGen      total 71680K, used 71648K [0x00000000d5f00000, 0x00000000deb00000, 0x0000000100000000)
  eden space 66560K, 100% used [0x00000000d5f00000,0x00000000da000000,0x00000000da000000)
  from space 5120K, 99% used [0x00000000da000000,0x00000000da4f8020,0x00000000da500000)
  to   space 5120K, 0% used [0x00000000de600000,0x00000000de600000,0x00000000deb00000)
 ParOldGen       total 87552K, used 36612K [0x0000000081c00000, 0x0000000087180000, 0x00000000d5f00000)
  object space 87552K, 41% used [0x0000000081c00000,0x0000000083fc13e8,0x0000000087180000)
 Metaspace       used 4742K, capacity 5278K, committed 5504K, reserved 1056768K
  class space    used 521K, capacity 530K, committed 640K, reserved 1048576K
Event: 3.778 GC heap after
Heap after GC invocations=4 (full 0):
 PSYoungGen      total 138240K, used 5104K [0x00000000d5f00000, 0x00000000deb00000, 0x0000000100000000)
  eden space 133120K, 0% used [0x00000000d5f00000,0x00000000d5f00000,0x00000000de100000)
  from space 5120K, 99% used [0x00000000de600000,0x00000000deafc030,0x00000000deb00000)
  to   space 5120K, 0% used [0x00000000de100000,0x00000000de100000,0x00000000de600000)
 ParOldGen       total 87552K, used 41405K [0x0000000081c00000, 0x0000000087180000, 0x00000000d5f00000)
  object space 87552K, 47% used [0x0000000081c00000,0x000000008446f418,0x0000000087180000)
 Metaspace       used 4742K, capacity 5278K, committed 5504K, reserved 1056768K
  class space    used 521K, capacity 530K, committed 640K, reserved 1048576K
}
Event: 7.685 GC heap before
{Heap before GC invocations=5 (full 0):
 PSYoungGen      total 138240K, used 138224K [0x00000000d5f00000, 0x00000000deb00000, 0x0000000100000000)
  eden space 133120K, 100% used [0x00000000d5f00000,0x00000000de100000,0x00000000de100000)
  from space 5120K, 99% used [0x00000000de600000,0x00000000deafc030,0x00000000deb00000)
  to   space 5120K, 0% used [0x00000000de100000,0x00000000de100000,0x00000000de600000)
 ParOldGen       total 87552K, used 41405K [0x0000000081c00000, 0x0000000087180000, 0x00000000d5f00000)
  object space 87552K, 47% used [0x0000000081c00000,0x000000008446f418,0x0000000087180000)
 Metaspace       used 12707K, capacity 12890K, committed 13184K, reserved 1060864K
  class space    used 1522K, capacity 1560K, committed 1664K, reserved 1048576K
Event: 7.873 GC heap after
Heap after GC invocations=5 (full 0):
 PSYoungGen      total 138240K, used 5088K [0x00000000d5f00000, 0x00000000e8f00000, 0x0000000100000000)
  eden space 133120K, 0% used [0x00000000d5f00000,0x00000000d5f00000,0x00000000de100000)
  from space 5120K, 99% used [0x00000000de100000,0x00000000de5f8020,0x00000000de600000)
  to   space 22528K, 0% used [0x00000000e7900000,0x00000000e7900000,0x00000000e8f00000)
 ParOldGen       total 87552K, used 49750K [0x0000000081c00000, 0x0000000087180000, 0x00000000d5f00000)
  object space 87552K, 56% used [0x0000000081c00000,0x0000000084c95aa8,0x0000000087180000)
 Metaspace       used 12707K, capacity 12890K, committed 13184K, reserved 1060864K
  class space    used 1522K, capacity 1560K, committed 1664K, reserved 1048576K
}

